181116 215844.020|CONFIG|Thread-5|setFileHandlers|Now logging to C:\Users\user\Desktop\pc2Team\bin\logs directory.
181116 215844.020|INFO|Thread-5|info|
181116 215844.020|INFO|Thread-5|info|Version 9.5.4 20180926 (Wednesday, September 26th 2018 04:35 UTC) Java ver 1.7.0_75 build 4663 Windows Vista 6.0 (x86) 
181116 215844.020|INFO|Thread-5|info|Login: team101 (aka team101)
181116 215844.020|INFO|Thread-5|startLog|Working directory is C:\Users\user\Desktop\pc2Team\bin
181116 215844.020|INFO|Thread-5|startLog|Process id is 4928@celsius39
181116 215844.020|INFO|Thread-5|info|Attempting to load UI class edu.csus.ecs.pc2.ui.team.TeamView
181116 215844.051|INFO|Thread-5|info|Loaded UI class edu.csus.ecs.pc2.ui.team.TeamView
181116 215844.363|INFO|Thread-5|info| handlePacket original LOGIN_SUCCESS after -- all settings loaded 
181116 215844.363|INFO|Thread-5|info|handlePacket end Packet[LOGIN_SUCCESS] #2002 SERVER0 @ site 1 -> TEAM101 @ site 1
181116 215844.363|INFO|Thread-5|info| receiveObject(S) end   got Packet[LOGIN_SUCCESS] #2002 SERVER0 @ site 1 -> TEAM101 @ site 1
181116 215912.291|INFO|AWT-EventQueue-0|testOrSubmitRun|submitRun for Problema 5.1 GNU C file: C:\Users\user\Desktop\produsvec\main.c
181116 215912.306|INFO|AWT-EventQueue-0|sendToLocalServer|Sending packet to server Packet[RUN_SUBMISSION] #2 TEAM101 @ site 1 -> SERVER0 @ site 1
181116 215912.306|INFO|AWT-EventQueue-0|sendToLocalServer|Sent    packet to server Packet[RUN_SUBMISSION] #2 TEAM101 @ site 1 -> SERVER0 @ site 1
181116 215912.665|INFO|Thread-8|info| receiveObject(S) start got Packet[RUN_SUBMISSION_CONFIRM] #2004 SERVER0 @ site 1 -> TEAM101 @ site 1
181116 215912.665|INFO|Thread-8|dumpPacket|Packet RUN_SUBMISSION_CONFIRM (Seq #2004 ) recieveObject
181116 215912.665|INFO|Thread-8|dumpPacket|  From: SERVER0 @ site 1 (lucian-PC @ 193.226.37.17) (Contest Id: Antrenament-6848141497330215606)
181116 215912.665|INFO|Thread-8|dumpPacket|    To: TEAM101 @ site 1
181116 215912.665|INFO|Thread-8|dumpPacket|   key: RUN is: edu.csus.ecs.pc2.core.model.Run Run 391 QUEUED_FOR_COMPUTER_JUDGEMENT 11780 min 706846027ms from TEAM101 @ site 1 id Run--4230847574523115323 problem Problema 5.1--2241465970044590541 lang GNU C-9089484471426497038
181116 215912.665|INFO|Thread-8|info|handlePacket start Packet[RUN_SUBMISSION_CONFIRM] #2004 SERVER0 @ site 1 -> TEAM101 @ site 1
181116 215912.665|INFO|Thread-8|dumpPacket|Packet RUN_SUBMISSION_CONFIRM (Seq #2004 ) handlePacket
181116 215912.665|INFO|Thread-8|dumpPacket|  From: SERVER0 @ site 1 (lucian-PC @ 193.226.37.17) (Contest Id: Antrenament-6848141497330215606)
181116 215912.665|INFO|Thread-8|dumpPacket|    To: TEAM101 @ site 1
181116 215912.665|INFO|Thread-8|dumpPacket|   key: RUN is: edu.csus.ecs.pc2.core.model.Run Run 391 QUEUED_FOR_COMPUTER_JUDGEMENT 11780 min 706846027ms from TEAM101 @ site 1 id Run--4230847574523115323 problem Problema 5.1--2241465970044590541 lang GNU C-9089484471426497038
181116 215915.458|INFO|Thread-8|info| receiveObject(S) end   got Packet[RUN_SUBMISSION_CONFIRM] #2004 SERVER0 @ site 1 -> TEAM101 @ site 1
181116 215925.670|INFO|Thread-9|info| receiveObject(S) start got Packet[RUN_JUDGEMENT] #2008 SERVER0 @ site 1 -> TEAM101 @ site 1
181116 215925.670|INFO|Thread-9|dumpPacket|Packet RUN_JUDGEMENT (Seq #2008 ) recieveObject
181116 215925.671|INFO|Thread-9|dumpPacket|  From: SERVER0 @ site 1 (lucian-PC @ 193.226.37.17) (Contest Id: Antrenament-6848141497330215606)
181116 215925.671|INFO|Thread-9|dumpPacket|    To: TEAM101 @ site 1
181116 215925.671|INFO|Thread-9|dumpPacket|   key: CLIENT_ID is: edu.csus.ecs.pc2.core.model.ClientId SERVER0 @ site 1
181116 215925.671|INFO|Thread-9|dumpPacket|   key: RUN is: edu.csus.ecs.pc2.core.model.Run Run 391 MANUAL_REVIEW 11780 min 706846027ms from TEAM101 @ site 1 id Run--4230847574523115323 problem Problema 5.1--2241465970044590541 lang GNU C-9089484471426497038
181116 215925.672|INFO|Thread-9|dumpPacket|   key: JUDGEMENT_RECORD is: edu.csus.ecs.pc2.core.model.JudgementRecord Yes by JUDGE3 @ site 1 judgement Yes--3981002496562757518 id JudgementRecord--1764313074753389688
181116 215925.672|INFO|Thread-9|info|handlePacket start Packet[RUN_JUDGEMENT] #2008 SERVER0 @ site 1 -> TEAM101 @ site 1
181116 215925.672|INFO|Thread-9|dumpPacket|Packet RUN_JUDGEMENT (Seq #2008 ) handlePacket
181116 215925.673|INFO|Thread-9|dumpPacket|  From: SERVER0 @ site 1 (lucian-PC @ 193.226.37.17) (Contest Id: Antrenament-6848141497330215606)
181116 215925.673|INFO|Thread-9|dumpPacket|    To: TEAM101 @ site 1
181116 215925.673|INFO|Thread-9|dumpPacket|   key: CLIENT_ID is: edu.csus.ecs.pc2.core.model.ClientId SERVER0 @ site 1
181116 215925.673|INFO|Thread-9|dumpPacket|   key: RUN is: edu.csus.ecs.pc2.core.model.Run Run 391 MANUAL_REVIEW 11780 min 706846027ms from TEAM101 @ site 1 id Run--4230847574523115323 problem Problema 5.1--2241465970044590541 lang GNU C-9089484471426497038
181116 215925.674|INFO|Thread-9|dumpPacket|   key: JUDGEMENT_RECORD is: edu.csus.ecs.pc2.core.model.JudgementRecord Yes by JUDGE3 @ site 1 judgement Yes--3981002496562757518 id JudgementRecord--1764313074753389688
181116 220005.234|INFO|Thread-9|info| receiveObject(S) end   got Packet[RUN_JUDGEMENT] #2008 SERVER0 @ site 1 -> TEAM101 @ site 1
181116 220016.041|INFO|Thread-10|info| receiveObject(S) start got Packet[RUN_JUDGEMENT] #2012 SERVER0 @ site 1 -> TEAM101 @ site 1
181116 220016.041|INFO|Thread-10|dumpPacket|Packet RUN_JUDGEMENT (Seq #2012 ) recieveObject
181116 220016.041|INFO|Thread-10|dumpPacket|  From: SERVER0 @ site 1 (lucian-PC @ 193.226.37.17) (Contest Id: Antrenament-6848141497330215606)
181116 220016.042|INFO|Thread-10|dumpPacket|    To: TEAM101 @ site 1
181116 220016.042|INFO|Thread-10|dumpPacket|   key: CLIENT_ID is: edu.csus.ecs.pc2.core.model.ClientId SERVER0 @ site 1
181116 220016.042|INFO|Thread-10|dumpPacket|   key: RUN is: edu.csus.ecs.pc2.core.model.Run Run 391 JUDGED 11780 min 706846027ms from TEAM101 @ site 1 id Run--4230847574523115323 problem Problema 5.1--2241465970044590541 lang GNU C-9089484471426497038
181116 220016.042|INFO|Thread-10|dumpPacket|   key: JUDGEMENT_RECORD is: edu.csus.ecs.pc2.core.model.JudgementRecord Yes by JUDGE2 @ site 1 judgement Yes--3981002496562757518 id JudgementRecord--1822770547025475768
181116 220016.043|INFO|Thread-10|info|handlePacket start Packet[RUN_JUDGEMENT] #2012 SERVER0 @ site 1 -> TEAM101 @ site 1
181116 220016.043|INFO|Thread-10|dumpPacket|Packet RUN_JUDGEMENT (Seq #2012 ) handlePacket
181116 220016.043|INFO|Thread-10|dumpPacket|  From: SERVER0 @ site 1 (lucian-PC @ 193.226.37.17) (Contest Id: Antrenament-6848141497330215606)
181116 220016.043|INFO|Thread-10|dumpPacket|    To: TEAM101 @ site 1
181116 220016.043|INFO|Thread-10|dumpPacket|   key: CLIENT_ID is: edu.csus.ecs.pc2.core.model.ClientId SERVER0 @ site 1
181116 220016.044|INFO|Thread-10|dumpPacket|   key: RUN is: edu.csus.ecs.pc2.core.model.Run Run 391 JUDGED 11780 min 706846027ms from TEAM101 @ site 1 id Run--4230847574523115323 problem Problema 5.1--2241465970044590541 lang GNU C-9089484471426497038
181116 220016.044|INFO|Thread-10|dumpPacket|   key: JUDGEMENT_RECORD is: edu.csus.ecs.pc2.core.model.JudgementRecord Yes by JUDGE2 @ site 1 judgement Yes--3981002496562757518 id JudgementRecord--1822770547025475768
181116 220019.941|INFO|Thread-10|info| receiveObject(S) end   got Packet[RUN_JUDGEMENT] #2012 SERVER0 @ site 1 -> TEAM101 @ site 1
181116 221345.174|INFO|AWT-EventQueue-0|testOrSubmitRun|submitRun for Problema 5.2 GNU C file: C:\Users\user\Desktop\matricediag\main.c
181116 221345.189|INFO|AWT-EventQueue-0|sendToLocalServer|Sending packet to server Packet[RUN_SUBMISSION] #3 TEAM101 @ site 1 -> SERVER0 @ site 1
181116 221345.189|INFO|AWT-EventQueue-0|sendToLocalServer|Sent    packet to server Packet[RUN_SUBMISSION] #3 TEAM101 @ site 1 -> SERVER0 @ site 1
181116 221345.845|INFO|Thread-12|info| receiveObject(S) start got Packet[RUN_SUBMISSION_CONFIRM] #2085 SERVER0 @ site 1 -> TEAM101 @ site 1
181116 221345.845|INFO|Thread-12|dumpPacket|Packet RUN_SUBMISSION_CONFIRM (Seq #2085 ) recieveObject
181116 221345.845|INFO|Thread-12|dumpPacket|  From: SERVER0 @ site 1 (lucian-PC @ 193.226.37.17) (Contest Id: Antrenament-6848141497330215606)
181116 221345.845|INFO|Thread-12|dumpPacket|    To: TEAM101 @ site 1
181116 221345.845|INFO|Thread-12|dumpPacket|   key: RUN is: edu.csus.ecs.pc2.core.model.Run Run 401 QUEUED_FOR_COMPUTER_JUDGEMENT 11795 min 707718927ms from TEAM101 @ site 1 id Run--2965687167001435628 problem Problema 5.2-7141579107318407924 lang GNU C-9089484471426497038
181116 221345.845|INFO|Thread-12|info|handlePacket start Packet[RUN_SUBMISSION_CONFIRM] #2085 SERVER0 @ site 1 -> TEAM101 @ site 1
181116 221345.845|INFO|Thread-12|dumpPacket|Packet RUN_SUBMISSION_CONFIRM (Seq #2085 ) handlePacket
181116 221345.845|INFO|Thread-12|dumpPacket|  From: SERVER0 @ site 1 (lucian-PC @ 193.226.37.17) (Contest Id: Antrenament-6848141497330215606)
181116 221345.845|INFO|Thread-12|dumpPacket|    To: TEAM101 @ site 1
181116 221345.845|INFO|Thread-12|dumpPacket|   key: RUN is: edu.csus.ecs.pc2.core.model.Run Run 401 QUEUED_FOR_COMPUTER_JUDGEMENT 11795 min 707718927ms from TEAM101 @ site 1 id Run--2965687167001435628 problem Problema 5.2-7141579107318407924 lang GNU C-9089484471426497038
181116 221348.138|INFO|Thread-12|info| receiveObject(S) end   got Packet[RUN_SUBMISSION_CONFIRM] #2085 SERVER0 @ site 1 -> TEAM101 @ site 1
181116 221401.725|INFO|Thread-13|info| receiveObject(S) start got Packet[RUN_JUDGEMENT] #2089 SERVER0 @ site 1 -> TEAM101 @ site 1
181116 221401.725|INFO|Thread-13|dumpPacket|Packet RUN_JUDGEMENT (Seq #2089 ) recieveObject
181116 221401.725|INFO|Thread-13|dumpPacket|  From: SERVER0 @ site 1 (lucian-PC @ 193.226.37.17) (Contest Id: Antrenament-6848141497330215606)
181116 221401.725|INFO|Thread-13|dumpPacket|    To: TEAM101 @ site 1
181116 221401.725|INFO|Thread-13|dumpPacket|   key: CLIENT_ID is: edu.csus.ecs.pc2.core.model.ClientId SERVER0 @ site 1
181116 221401.725|INFO|Thread-13|dumpPacket|   key: RUN is: edu.csus.ecs.pc2.core.model.Run Run 401 MANUAL_REVIEW 11795 min 707718927ms from TEAM101 @ site 1 id Run--2965687167001435628 problem Problema 5.2-7141579107318407924 lang GNU C-9089484471426497038
181116 221401.725|INFO|Thread-13|dumpPacket|   key: JUDGEMENT_RECORD is: edu.csus.ecs.pc2.core.model.JudgementRecord Yes by JUDGE3 @ site 1 judgement Yes--3981002496562757518 id JudgementRecord-2737028285082772619
181116 221401.725|INFO|Thread-13|info|handlePacket start Packet[RUN_JUDGEMENT] #2089 SERVER0 @ site 1 -> TEAM101 @ site 1
181116 221401.725|INFO|Thread-13|dumpPacket|Packet RUN_JUDGEMENT (Seq #2089 ) handlePacket
181116 221401.725|INFO|Thread-13|dumpPacket|  From: SERVER0 @ site 1 (lucian-PC @ 193.226.37.17) (Contest Id: Antrenament-6848141497330215606)
181116 221401.725|INFO|Thread-13|dumpPacket|    To: TEAM101 @ site 1
181116 221401.725|INFO|Thread-13|dumpPacket|   key: CLIENT_ID is: edu.csus.ecs.pc2.core.model.ClientId SERVER0 @ site 1
181116 221401.725|INFO|Thread-13|dumpPacket|   key: RUN is: edu.csus.ecs.pc2.core.model.Run Run 401 MANUAL_REVIEW 11795 min 707718927ms from TEAM101 @ site 1 id Run--2965687167001435628 problem Problema 5.2-7141579107318407924 lang GNU C-9089484471426497038
181116 221401.725|INFO|Thread-13|dumpPacket|   key: JUDGEMENT_RECORD is: edu.csus.ecs.pc2.core.model.JudgementRecord Yes by JUDGE3 @ site 1 judgement Yes--3981002496562757518 id JudgementRecord-2737028285082772619
181116 221408.387|INFO|Thread-13|info| receiveObject(S) end   got Packet[RUN_JUDGEMENT] #2089 SERVER0 @ site 1 -> TEAM101 @ site 1
181116 222337.363|INFO|Thread-14|info| receiveObject(S) start got Packet[RUN_JUDGEMENT] #2132 SERVER0 @ site 1 -> TEAM101 @ site 1
181116 222337.363|INFO|Thread-14|dumpPacket|Packet RUN_JUDGEMENT (Seq #2132 ) recieveObject
181116 222337.363|INFO|Thread-14|dumpPacket|  From: SERVER0 @ site 1 (lucian-PC @ 193.226.37.17) (Contest Id: Antrenament-6848141497330215606)
181116 222337.363|INFO|Thread-14|dumpPacket|    To: TEAM101 @ site 1
181116 222337.363|INFO|Thread-14|dumpPacket|   key: CLIENT_ID is: edu.csus.ecs.pc2.core.model.ClientId SERVER0 @ site 1
181116 222337.363|INFO|Thread-14|dumpPacket|   key: RUN is: edu.csus.ecs.pc2.core.model.Run Run 401 JUDGED 11795 min 707718927ms from TEAM101 @ site 1 id Run--2965687167001435628 problem Problema 5.2-7141579107318407924 lang GNU C-9089484471426497038
181116 222337.363|INFO|Thread-14|dumpPacket|   key: JUDGEMENT_RECORD is: edu.csus.ecs.pc2.core.model.JudgementRecord Yes by JUDGE2 @ site 1 judgement Yes--3981002496562757518 id JudgementRecord-6441058498657839471
181116 222337.363|INFO|Thread-14|info|handlePacket start Packet[RUN_JUDGEMENT] #2132 SERVER0 @ site 1 -> TEAM101 @ site 1
181116 222337.363|INFO|Thread-14|dumpPacket|Packet RUN_JUDGEMENT (Seq #2132 ) handlePacket
181116 222337.363|INFO|Thread-14|dumpPacket|  From: SERVER0 @ site 1 (lucian-PC @ 193.226.37.17) (Contest Id: Antrenament-6848141497330215606)
181116 222337.363|INFO|Thread-14|dumpPacket|    To: TEAM101 @ site 1
181116 222337.363|INFO|Thread-14|dumpPacket|   key: CLIENT_ID is: edu.csus.ecs.pc2.core.model.ClientId SERVER0 @ site 1
181116 222337.363|INFO|Thread-14|dumpPacket|   key: RUN is: edu.csus.ecs.pc2.core.model.Run Run 401 JUDGED 11795 min 707718927ms from TEAM101 @ site 1 id Run--2965687167001435628 problem Problema 5.2-7141579107318407924 lang GNU C-9089484471426497038
181116 222337.363|INFO|Thread-14|dumpPacket|   key: JUDGEMENT_RECORD is: edu.csus.ecs.pc2.core.model.JudgementRecord Yes by JUDGE2 @ site 1 judgement Yes--3981002496562757518 id JudgementRecord-6441058498657839471
181116 222342.605|INFO|Thread-14|info| receiveObject(S) end   got Packet[RUN_JUDGEMENT] #2132 SERVER0 @ site 1 -> TEAM101 @ site 1
181116 223030.647|INFO|AWT-EventQueue-0|testOrSubmitRun|submitRun for Problema 5.3 GNU C file: C:\Users\user\Desktop\sirord\main.c
181116 223030.647|INFO|AWT-EventQueue-0|sendToLocalServer|Sending packet to server Packet[RUN_SUBMISSION] #4 TEAM101 @ site 1 -> SERVER0 @ site 1
181116 223030.647|INFO|AWT-EventQueue-0|sendToLocalServer|Sent    packet to server Packet[RUN_SUBMISSION] #4 TEAM101 @ site 1 -> SERVER0 @ site 1
181116 223031.177|INFO|Thread-16|info| receiveObject(S) start got Packet[RUN_SUBMISSION_CONFIRM] #2194 SERVER0 @ site 1 -> TEAM101 @ site 1
181116 223031.177|INFO|Thread-16|dumpPacket|Packet RUN_SUBMISSION_CONFIRM (Seq #2194 ) recieveObject
181116 223031.177|INFO|Thread-16|dumpPacket|  From: SERVER0 @ site 1 (lucian-PC @ 193.226.37.17) (Contest Id: Antrenament-6848141497330215606)
181116 223031.177|INFO|Thread-16|dumpPacket|    To: TEAM101 @ site 1
181116 223031.177|INFO|Thread-16|dumpPacket|   key: RUN is: edu.csus.ecs.pc2.core.model.Run Run 410 QUEUED_FOR_COMPUTER_JUDGEMENT 11812 min 708724348ms from TEAM101 @ site 1 id Run--2666252018298408745 problem Problema 5.3-1570369360657878525 lang GNU C-9089484471426497038
181116 223031.177|INFO|Thread-16|info|handlePacket start Packet[RUN_SUBMISSION_CONFIRM] #2194 SERVER0 @ site 1 -> TEAM101 @ site 1
181116 223031.177|INFO|Thread-16|dumpPacket|Packet RUN_SUBMISSION_CONFIRM (Seq #2194 ) handlePacket
181116 223031.177|INFO|Thread-16|dumpPacket|  From: SERVER0 @ site 1 (lucian-PC @ 193.226.37.17) (Contest Id: Antrenament-6848141497330215606)
181116 223031.177|INFO|Thread-16|dumpPacket|    To: TEAM101 @ site 1
181116 223031.177|INFO|Thread-16|dumpPacket|   key: RUN is: edu.csus.ecs.pc2.core.model.Run Run 410 QUEUED_FOR_COMPUTER_JUDGEMENT 11812 min 708724348ms from TEAM101 @ site 1 id Run--2666252018298408745 problem Problema 5.3-1570369360657878525 lang GNU C-9089484471426497038
181116 223035.265|INFO|Thread-16|info| receiveObject(S) end   got Packet[RUN_SUBMISSION_CONFIRM] #2194 SERVER0 @ site 1 -> TEAM101 @ site 1
181116 223043.007|INFO|Thread-17|info| receiveObject(S) start got Packet[RUN_JUDGEMENT] #2198 SERVER0 @ site 1 -> TEAM101 @ site 1
181116 223043.007|INFO|Thread-17|dumpPacket|Packet RUN_JUDGEMENT (Seq #2198 ) recieveObject
181116 223043.007|INFO|Thread-17|dumpPacket|  From: SERVER0 @ site 1 (lucian-PC @ 193.226.37.17) (Contest Id: Antrenament-6848141497330215606)
181116 223043.007|INFO|Thread-17|dumpPacket|    To: TEAM101 @ site 1
181116 223043.007|INFO|Thread-17|dumpPacket|   key: CLIENT_ID is: edu.csus.ecs.pc2.core.model.ClientId SERVER0 @ site 1
181116 223043.007|INFO|Thread-17|dumpPacket|   key: RUN is: edu.csus.ecs.pc2.core.model.Run Run 410 MANUAL_REVIEW 11812 min 708724348ms from TEAM101 @ site 1 id Run--2666252018298408745 problem Problema 5.3-1570369360657878525 lang GNU C-9089484471426497038
181116 223043.007|INFO|Thread-17|dumpPacket|   key: JUDGEMENT_RECORD is: edu.csus.ecs.pc2.core.model.JudgementRecord Yes by JUDGE3 @ site 1 judgement Yes--3981002496562757518 id JudgementRecord-3329015377276151543
181116 223043.007|INFO|Thread-17|info|handlePacket start Packet[RUN_JUDGEMENT] #2198 SERVER0 @ site 1 -> TEAM101 @ site 1
181116 223043.007|INFO|Thread-17|dumpPacket|Packet RUN_JUDGEMENT (Seq #2198 ) handlePacket
181116 223043.007|INFO|Thread-17|dumpPacket|  From: SERVER0 @ site 1 (lucian-PC @ 193.226.37.17) (Contest Id: Antrenament-6848141497330215606)
181116 223043.007|INFO|Thread-17|dumpPacket|    To: TEAM101 @ site 1
181116 223043.007|INFO|Thread-17|dumpPacket|   key: CLIENT_ID is: edu.csus.ecs.pc2.core.model.ClientId SERVER0 @ site 1
181116 223043.007|INFO|Thread-17|dumpPacket|   key: RUN is: edu.csus.ecs.pc2.core.model.Run Run 410 MANUAL_REVIEW 11812 min 708724348ms from TEAM101 @ site 1 id Run--2666252018298408745 problem Problema 5.3-1570369360657878525 lang GNU C-9089484471426497038
181116 223043.007|INFO|Thread-17|dumpPacket|   key: JUDGEMENT_RECORD is: edu.csus.ecs.pc2.core.model.JudgementRecord Yes by JUDGE3 @ site 1 judgement Yes--3981002496562757518 id JudgementRecord-3329015377276151543
181116 223049.428|INFO|Thread-17|info| receiveObject(S) end   got Packet[RUN_JUDGEMENT] #2198 SERVER0 @ site 1 -> TEAM101 @ site 1
181116 223105.071|INFO|Thread-18|info| receiveObject(S) start got Packet[RUN_JUDGEMENT] #2201 SERVER0 @ site 1 -> TEAM101 @ site 1
181116 223105.071|INFO|Thread-18|dumpPacket|Packet RUN_JUDGEMENT (Seq #2201 ) recieveObject
181116 223105.071|INFO|Thread-18|dumpPacket|  From: SERVER0 @ site 1 (lucian-PC @ 193.226.37.17) (Contest Id: Antrenament-6848141497330215606)
181116 223105.071|INFO|Thread-18|dumpPacket|    To: TEAM101 @ site 1
181116 223105.071|INFO|Thread-18|dumpPacket|   key: CLIENT_ID is: edu.csus.ecs.pc2.core.model.ClientId SERVER0 @ site 1
181116 223105.071|INFO|Thread-18|dumpPacket|   key: RUN is: edu.csus.ecs.pc2.core.model.Run Run 410 JUDGED 11812 min 708724348ms from TEAM101 @ site 1 id Run--2666252018298408745 problem Problema 5.3-1570369360657878525 lang GNU C-9089484471426497038
181116 223105.071|INFO|Thread-18|dumpPacket|   key: JUDGEMENT_RECORD is: edu.csus.ecs.pc2.core.model.JudgementRecord Yes by JUDGE3 @ site 1 judgement Yes--3981002496562757518 id JudgementRecord-3329015377276151543
181116 223105.071|INFO|Thread-18|info|handlePacket start Packet[RUN_JUDGEMENT] #2201 SERVER0 @ site 1 -> TEAM101 @ site 1
181116 223105.071|INFO|Thread-18|dumpPacket|Packet RUN_JUDGEMENT (Seq #2201 ) handlePacket
181116 223105.071|INFO|Thread-18|dumpPacket|  From: SERVER0 @ site 1 (lucian-PC @ 193.226.37.17) (Contest Id: Antrenament-6848141497330215606)
181116 223105.071|INFO|Thread-18|dumpPacket|    To: TEAM101 @ site 1
181116 223105.071|INFO|Thread-18|dumpPacket|   key: CLIENT_ID is: edu.csus.ecs.pc2.core.model.ClientId SERVER0 @ site 1
181116 223105.071|INFO|Thread-18|dumpPacket|   key: RUN is: edu.csus.ecs.pc2.core.model.Run Run 410 JUDGED 11812 min 708724348ms from TEAM101 @ site 1 id Run--2666252018298408745 problem Problema 5.3-1570369360657878525 lang GNU C-9089484471426497038
181116 223105.071|INFO|Thread-18|dumpPacket|   key: JUDGEMENT_RECORD is: edu.csus.ecs.pc2.core.model.JudgementRecord Yes by JUDGE3 @ site 1 judgement Yes--3981002496562757518 id JudgementRecord-3329015377276151543
181116 223109.400|INFO|Thread-18|info| receiveObject(S) end   got Packet[RUN_JUDGEMENT] #2201 SERVER0 @ site 1 -> TEAM101 @ site 1
181116 224642.674|INFO|AWT-EventQueue-0|testOrSubmitRun|submitRun for Problema 5.4 GNU C file: C:\Users\user\Desktop\ariagraf\main.c
181116 224642.674|INFO|AWT-EventQueue-0|sendToLocalServer|Sending packet to server Packet[RUN_SUBMISSION] #5 TEAM101 @ site 1 -> SERVER0 @ site 1
181116 224642.674|INFO|AWT-EventQueue-0|sendToLocalServer|Sent    packet to server Packet[RUN_SUBMISSION] #5 TEAM101 @ site 1 -> SERVER0 @ site 1
181116 224643.657|INFO|Thread-20|info| receiveObject(S) start got Packet[RUN_SUBMISSION_CONFIRM] #2231 SERVER0 @ site 1 -> TEAM101 @ site 1
181116 224643.657|INFO|Thread-20|dumpPacket|Packet RUN_SUBMISSION_CONFIRM (Seq #2231 ) recieveObject
181116 224643.657|INFO|Thread-20|dumpPacket|  From: SERVER0 @ site 1 (lucian-PC @ 193.226.37.17) (Contest Id: Antrenament-6848141497330215606)
181116 224643.657|INFO|Thread-20|dumpPacket|    To: TEAM101 @ site 1
181116 224643.657|INFO|Thread-20|dumpPacket|   key: RUN is: edu.csus.ecs.pc2.core.model.Run Run 414 QUEUED_FOR_COMPUTER_JUDGEMENT 11828 min 709696823ms from TEAM101 @ site 1 id Run--6036188051267450594 problem Problema 5.4-8479197268671832535 lang GNU C-9089484471426497038
181116 224643.657|INFO|Thread-20|info|handlePacket start Packet[RUN_SUBMISSION_CONFIRM] #2231 SERVER0 @ site 1 -> TEAM101 @ site 1
181116 224643.657|INFO|Thread-20|dumpPacket|Packet RUN_SUBMISSION_CONFIRM (Seq #2231 ) handlePacket
181116 224643.657|INFO|Thread-20|dumpPacket|  From: SERVER0 @ site 1 (lucian-PC @ 193.226.37.17) (Contest Id: Antrenament-6848141497330215606)
181116 224643.657|INFO|Thread-20|dumpPacket|    To: TEAM101 @ site 1
181116 224643.657|INFO|Thread-20|dumpPacket|   key: RUN is: edu.csus.ecs.pc2.core.model.Run Run 414 QUEUED_FOR_COMPUTER_JUDGEMENT 11828 min 709696823ms from TEAM101 @ site 1 id Run--6036188051267450594 problem Problema 5.4-8479197268671832535 lang GNU C-9089484471426497038
181116 224645.575|INFO|Thread-20|info| receiveObject(S) end   got Packet[RUN_SUBMISSION_CONFIRM] #2231 SERVER0 @ site 1 -> TEAM101 @ site 1
181116 224657.189|INFO|Thread-21|info| receiveObject(S) start got Packet[RUN_JUDGEMENT] #2235 SERVER0 @ site 1 -> TEAM101 @ site 1
181116 224657.189|INFO|Thread-21|dumpPacket|Packet RUN_JUDGEMENT (Seq #2235 ) recieveObject
181116 224657.189|INFO|Thread-21|dumpPacket|  From: SERVER0 @ site 1 (lucian-PC @ 193.226.37.17) (Contest Id: Antrenament-6848141497330215606)
181116 224657.189|INFO|Thread-21|dumpPacket|    To: TEAM101 @ site 1
181116 224657.190|INFO|Thread-21|dumpPacket|   key: CLIENT_ID is: edu.csus.ecs.pc2.core.model.ClientId SERVER0 @ site 1
181116 224657.190|INFO|Thread-21|dumpPacket|   key: RUN is: edu.csus.ecs.pc2.core.model.Run Run 414 MANUAL_REVIEW 11828 min 709696823ms from TEAM101 @ site 1 id Run--6036188051267450594 problem Problema 5.4-8479197268671832535 lang GNU C-9089484471426497038
181116 224657.190|INFO|Thread-21|dumpPacket|   key: JUDGEMENT_RECORD is: edu.csus.ecs.pc2.core.model.JudgementRecord Yes by JUDGE3 @ site 1 judgement Yes--3981002496562757518 id JudgementRecord-3646413378175230656
181116 224657.190|INFO|Thread-21|info|handlePacket start Packet[RUN_JUDGEMENT] #2235 SERVER0 @ site 1 -> TEAM101 @ site 1
181116 224657.190|INFO|Thread-21|dumpPacket|Packet RUN_JUDGEMENT (Seq #2235 ) handlePacket
181116 224657.190|INFO|Thread-21|dumpPacket|  From: SERVER0 @ site 1 (lucian-PC @ 193.226.37.17) (Contest Id: Antrenament-6848141497330215606)
181116 224657.190|INFO|Thread-21|dumpPacket|    To: TEAM101 @ site 1
181116 224657.190|INFO|Thread-21|dumpPacket|   key: CLIENT_ID is: edu.csus.ecs.pc2.core.model.ClientId SERVER0 @ site 1
181116 224657.191|INFO|Thread-21|dumpPacket|   key: RUN is: edu.csus.ecs.pc2.core.model.Run Run 414 MANUAL_REVIEW 11828 min 709696823ms from TEAM101 @ site 1 id Run--6036188051267450594 problem Problema 5.4-8479197268671832535 lang GNU C-9089484471426497038
181116 224657.191|INFO|Thread-21|dumpPacket|   key: JUDGEMENT_RECORD is: edu.csus.ecs.pc2.core.model.JudgementRecord Yes by JUDGE3 @ site 1 judgement Yes--3981002496562757518 id JudgementRecord-3646413378175230656
181116 224701.798|INFO|Thread-21|info| receiveObject(S) end   got Packet[RUN_JUDGEMENT] #2235 SERVER0 @ site 1 -> TEAM101 @ site 1
181116 224810.868|INFO|Thread-22|info| receiveObject(S) start got Packet[RUN_JUDGEMENT] #2242 SERVER0 @ site 1 -> TEAM101 @ site 1
181116 224810.868|INFO|Thread-22|dumpPacket|Packet RUN_JUDGEMENT (Seq #2242 ) recieveObject
181116 224810.868|INFO|Thread-22|dumpPacket|  From: SERVER0 @ site 1 (lucian-PC @ 193.226.37.17) (Contest Id: Antrenament-6848141497330215606)
181116 224810.868|INFO|Thread-22|dumpPacket|    To: TEAM101 @ site 1
181116 224810.868|INFO|Thread-22|dumpPacket|   key: CLIENT_ID is: edu.csus.ecs.pc2.core.model.ClientId SERVER0 @ site 1
181116 224810.868|INFO|Thread-22|dumpPacket|   key: RUN is: edu.csus.ecs.pc2.core.model.Run Run 414 JUDGED 11828 min 709696823ms from TEAM101 @ site 1 id Run--6036188051267450594 problem Problema 5.4-8479197268671832535 lang GNU C-9089484471426497038
181116 224810.868|INFO|Thread-22|dumpPacket|   key: JUDGEMENT_RECORD is: edu.csus.ecs.pc2.core.model.JudgementRecord Yes by JUDGE2 @ site 1 judgement Yes--3981002496562757518 id JudgementRecord--2336859681627777439
181116 224810.868|INFO|Thread-22|info|handlePacket start Packet[RUN_JUDGEMENT] #2242 SERVER0 @ site 1 -> TEAM101 @ site 1
181116 224810.868|INFO|Thread-22|dumpPacket|Packet RUN_JUDGEMENT (Seq #2242 ) handlePacket
181116 224810.868|INFO|Thread-22|dumpPacket|  From: SERVER0 @ site 1 (lucian-PC @ 193.226.37.17) (Contest Id: Antrenament-6848141497330215606)
181116 224810.868|INFO|Thread-22|dumpPacket|    To: TEAM101 @ site 1
181116 224810.868|INFO|Thread-22|dumpPacket|   key: CLIENT_ID is: edu.csus.ecs.pc2.core.model.ClientId SERVER0 @ site 1
181116 224810.868|INFO|Thread-22|dumpPacket|   key: RUN is: edu.csus.ecs.pc2.core.model.Run Run 414 JUDGED 11828 min 709696823ms from TEAM101 @ site 1 id Run--6036188051267450594 problem Problema 5.4-8479197268671832535 lang GNU C-9089484471426497038
181116 224810.868|INFO|Thread-22|dumpPacket|   key: JUDGEMENT_RECORD is: edu.csus.ecs.pc2.core.model.JudgementRecord Yes by JUDGE2 @ site 1 judgement Yes--3981002496562757518 id JudgementRecord--2336859681627777439
181116 224815.022|INFO|Thread-22|info| receiveObject(S) end   got Packet[RUN_JUDGEMENT] #2242 SERVER0 @ site 1 -> TEAM101 @ site 1
181116 230105.325|INFO|AWT-EventQueue-0|testOrSubmitRun|submitRun for Problema 5.5 GNU C file: C:\Users\user\Desktop\aparcarac\main.c
181116 230105.325|INFO|AWT-EventQueue-0|sendToLocalServer|Sending packet to server Packet[RUN_SUBMISSION] #6 TEAM101 @ site 1 -> SERVER0 @ site 1
181116 230105.341|INFO|AWT-EventQueue-0|sendToLocalServer|Sent    packet to server Packet[RUN_SUBMISSION] #6 TEAM101 @ site 1 -> SERVER0 @ site 1
181116 230106.167|INFO|Thread-24|info| receiveObject(S) start got Packet[RUN_SUBMISSION_CONFIRM] #2296 SERVER0 @ site 1 -> TEAM101 @ site 1
181116 230106.167|INFO|Thread-24|dumpPacket|Packet RUN_SUBMISSION_CONFIRM (Seq #2296 ) recieveObject
181116 230106.167|INFO|Thread-24|dumpPacket|  From: SERVER0 @ site 1 (lucian-PC @ 193.226.37.17) (Contest Id: Antrenament-6848141497330215606)
181116 230106.167|INFO|Thread-24|dumpPacket|    To: TEAM101 @ site 1
181116 230106.167|INFO|Thread-24|dumpPacket|   key: RUN is: edu.csus.ecs.pc2.core.model.Run Run 421 QUEUED_FOR_COMPUTER_JUDGEMENT 11842 min 710559099ms from TEAM101 @ site 1 id Run-8682586012916803618 problem Problema 5.5--4544849843168490231 lang GNU C-9089484471426497038
181116 230106.167|INFO|Thread-24|info|handlePacket start Packet[RUN_SUBMISSION_CONFIRM] #2296 SERVER0 @ site 1 -> TEAM101 @ site 1
181116 230106.167|INFO|Thread-24|dumpPacket|Packet RUN_SUBMISSION_CONFIRM (Seq #2296 ) handlePacket
181116 230106.167|INFO|Thread-24|dumpPacket|  From: SERVER0 @ site 1 (lucian-PC @ 193.226.37.17) (Contest Id: Antrenament-6848141497330215606)
181116 230106.167|INFO|Thread-24|dumpPacket|    To: TEAM101 @ site 1
181116 230106.167|INFO|Thread-24|dumpPacket|   key: RUN is: edu.csus.ecs.pc2.core.model.Run Run 421 QUEUED_FOR_COMPUTER_JUDGEMENT 11842 min 710559099ms from TEAM101 @ site 1 id Run-8682586012916803618 problem Problema 5.5--4544849843168490231 lang GNU C-9089484471426497038
181116 230109.599|INFO|Thread-24|info| receiveObject(S) end   got Packet[RUN_SUBMISSION_CONFIRM] #2296 SERVER0 @ site 1 -> TEAM101 @ site 1
181116 230119.329|INFO|Thread-25|info| receiveObject(S) start got Packet[RUN_JUDGEMENT] #2300 SERVER0 @ site 1 -> TEAM101 @ site 1
181116 230119.329|INFO|Thread-25|dumpPacket|Packet RUN_JUDGEMENT (Seq #2300 ) recieveObject
181116 230119.329|INFO|Thread-25|dumpPacket|  From: SERVER0 @ site 1 (lucian-PC @ 193.226.37.17) (Contest Id: Antrenament-6848141497330215606)
181116 230119.329|INFO|Thread-25|dumpPacket|    To: TEAM101 @ site 1
181116 230119.329|INFO|Thread-25|dumpPacket|   key: CLIENT_ID is: edu.csus.ecs.pc2.core.model.ClientId SERVER0 @ site 1
181116 230119.329|INFO|Thread-25|dumpPacket|   key: RUN is: edu.csus.ecs.pc2.core.model.Run Run 421 MANUAL_REVIEW 11842 min 710559099ms from TEAM101 @ site 1 id Run-8682586012916803618 problem Problema 5.5--4544849843168490231 lang GNU C-9089484471426497038
181116 230119.329|INFO|Thread-25|dumpPacket|   key: JUDGEMENT_RECORD is: edu.csus.ecs.pc2.core.model.JudgementRecord No by JUDGE3 @ site 1 judgement No - Run-time Error-5348676698169858229 id JudgementRecord-6111573046108303333
181116 230119.329|INFO|Thread-25|info|handlePacket start Packet[RUN_JUDGEMENT] #2300 SERVER0 @ site 1 -> TEAM101 @ site 1
181116 230119.329|INFO|Thread-25|dumpPacket|Packet RUN_JUDGEMENT (Seq #2300 ) handlePacket
181116 230119.329|INFO|Thread-25|dumpPacket|  From: SERVER0 @ site 1 (lucian-PC @ 193.226.37.17) (Contest Id: Antrenament-6848141497330215606)
181116 230119.329|INFO|Thread-25|dumpPacket|    To: TEAM101 @ site 1
181116 230119.329|INFO|Thread-25|dumpPacket|   key: CLIENT_ID is: edu.csus.ecs.pc2.core.model.ClientId SERVER0 @ site 1
181116 230119.329|INFO|Thread-25|dumpPacket|   key: RUN is: edu.csus.ecs.pc2.core.model.Run Run 421 MANUAL_REVIEW 11842 min 710559099ms from TEAM101 @ site 1 id Run-8682586012916803618 problem Problema 5.5--4544849843168490231 lang GNU C-9089484471426497038
181116 230119.329|INFO|Thread-25|dumpPacket|   key: JUDGEMENT_RECORD is: edu.csus.ecs.pc2.core.model.JudgementRecord No by JUDGE3 @ site 1 judgement No - Run-time Error-5348676698169858229 id JudgementRecord-6111573046108303333
181116 230131.863|INFO|Thread-25|info| receiveObject(S) end   got Packet[RUN_JUDGEMENT] #2300 SERVER0 @ site 1 -> TEAM101 @ site 1
